%!Adobe-FontList 1.24
%Locale:0x409

%BeginFont
Handler:DirectoryHandler
FontType:Type1
FontName:CheltenhamBT-Roman
FamilyName:Cheltenham BT
StyleName:Regular
FullName:Cheltenham BT Regular
MenuName:Cheltenham
StyleBits:0
WritingScript:Roman
OutlineFileName:C:\Users\Student\Desktop\NYT\giordnaos Indesing Completed Folder\Document fonts\415c1cffdc1ffdf955cdd328ad4a4c87.ttf
DataFormat:sfntData
UsesStandardEncoding:yes
isCFF:yes
hasSVG:no
hasCOLR:no
VariableFontType:NonVariableFont
FileLength:36004
FileModTime:1712853015
WeightClass:500
WidthClass:5
AngleClass:0
NameArray:0,Mac,4,Cheltenham
NameArray:0,Win,1,Cheltenham
%EndFont

%BeginFont
Handler:DirectoryHandler
FontType:Type1
FontName:Chomsky
FamilyName:Chomsky
StyleName:Regular
FullName:Chomsky
MenuName:Chomsky
StyleBits:0
WritingScript:Roman
OutlineFileName:C:\Users\Student\Desktop\NYT\giordnaos Indesing Completed Folder\Document fonts\Chomsky-8MOa2.otf
DataFormat:sfntData
UsesStandardEncoding:yes
isCFF:yes
hasSVG:no
hasCOLR:no
VariableFontType:NonVariableFont
FileLength:171580
FileModTime:1712852706
WeightClass:400
WidthClass:5
AngleClass:0
NameArray:0,Mac,4,Chomsky
NameArray:0,Win,1,Chomsky
%EndFont

%BeginFont
Handler:DirectoryHandler
FontType:TrueType
FontName:NYTImperial-Regular
FamilyName:NYTImperial
StyleName:Regular
FullName:NYTImperial Regular
MenuName:NYTImperial Regular
StyleBits:0
WritingScript:Roman
OutlineFileName:C:\Users\Student\Desktop\NYT\giordnaos Indesing Completed Folder\Document fonts\imperial-normal-500.ttf
DataFormat:sfntData
hasSVG:no
hasCOLR:no
VariableFontType:NonVariableFont
FileLength:73440
FileModTime:1712852489
WeightClass:400
WidthClass:5
AngleClass:0
NameArray:0,Mac,4,NYTImperial Regular
NameArray:0,Win,1,NYTImperial Regular
NameArray:0,Win,16,NYTImperial
%EndFont

%BeginFont
Handler:DirectoryHandler
FontType:TrueType
FontName:Cambria
FamilyName:Cambria
StyleName:Regular
FullName:Cambria
MenuName:Cambria
StyleBits:0
WritingScript:Roman
OutlineFileName:C:\Users\Student\Desktop\NYT\giordnaos Indesing Completed Folder\Document fonts\cambria.ttc
TTCOffset:32
DataFormat:sfntData
hasSVG:no
hasCOLR:no
VariableFontType:NonVariableFont
FileLength:1792664
FileModTime:1651900758
WeightClass:400
WidthClass:5
AngleClass:0
NameArray:0,Mac,4,Cambria
NameArray:0,Win,1,Cambria
%EndFont

%BeginFont
Handler:DirectoryHandler
FontType:TrueType
FontName:CambriaMath
FamilyName:Cambria Math
StyleName:Regular
FullName:Cambria Math
MenuName:Cambria Math
StyleBits:0
WritingScript:Roman
OutlineFileName:C:\Users\Student\Desktop\NYT\giordnaos Indesing Completed Folder\Document fonts\cambria.ttc
TTCOffset:380
DataFormat:sfntData
hasSVG:no
hasCOLR:no
VariableFontType:NonVariableFont
FileLength:1792664
FileModTime:1651900758
WeightClass:400
WidthClass:5
AngleClass:0
NameArray:0,Mac,4,Cambria Math
NameArray:0,Win,1,Cambria Math
%EndFont

